<?xml version="1.0" encoding="UTF-8"?>
<!-- Generated by org.testng.reporters.JUnitReportReporter -->
<testsuite skipped="0" hostname="LAPTOP-F2RM9HGP" name="MFRP.test.TestCases" tests="1" failures="0" timestamp="02 May 2020 12:50:22 GMT" time="42.302" errors="0">
  <testcase name="test1" time="42.302" classname="MFRP.test.TestCases"/>
</testsuite> <!-- MFRP.test.TestCases -->
